2026-03-09 15:56:59,140 - INFO - Training data independent size : (223860, 14)
2026-03-09 15:56:59,140 - INFO - Training data depdepent size : (223860,)
2026-03-09 15:56:59,141 - INFO - Testing data independent size : (30000, 14)
2026-03-09 15:56:59,141 - INFO - Testing data dependent size : (30000,)
2026-03-09 15:56:59,166 - INFO - before :    RevolvingUtilizationOfUnsecuredLines_trim   age_trim  ...  Occupation_od  Education_od
0                                    0.23714  14.359943  ...            4.0           0.0

[1 rows x 14 columns]
2026-03-09 15:56:59,272 - INFO - [[ 0.15853086 -0.78514008 -0.77386486 ... -0.90787926  0.98633705
  -1.38389407]
 [ 0.60335772  0.44687969  0.69572502 ... -0.90787926  0.98633705
  -0.753376  ]
 [ 0.95011997 -1.10233533 -0.26399231 ...  1.20792718 -1.36503532
   1.13817822]
 ...
 [ 0.77565951 -1.24419549 -1.19440899 ... -0.90787926  0.98633705
  -0.753376  ]
 [ 0.81600134  0.3172108  -2.17756887 ... -0.90787926  0.98633705
  -0.753376  ]
 [ 0.33567318 -0.38895028  1.04699493 ... -0.75255866  0.98633705
   0.50766015]]
2026-03-09 15:56:59,558 - INFO - Test Accuracy : 0.7692333333333333
2026-03-09 15:56:59,565 - INFO - Test Confusion Matrix : [[ 1572   384]
 [ 6539 21505]]
2026-03-09 15:56:59,595 - INFO - Classification report :               precision    recall  f1-score   support

           0       0.19      0.80      0.31      1956
           1       0.98      0.77      0.86     28044

    accuracy                           0.77     30000
   macro avg       0.59      0.79      0.59     30000
weighted avg       0.93      0.77      0.83     30000

