2026-03-09 15:56:58,171 - INFO - Before Train COlumns : (120000, 11) 
 : Index(['NPA Status_trim', 'RevolvingUtilizationOfUnsecuredLines_trim',
       'age_trim', 'NumberOfTime30-59DaysPastDueNotWorse_trim',
       'DebtRatio_trim', 'NumberOfOpenCreditLinesAndLoans_trim',
       'NumberOfTimes90DaysLate_trim', 'NumberRealEstateLoansOrLines_trim',
       'NumberOfTime60-89DaysPastDueNotWorse_trim',
       'MonthlyIncome_replaced_trim', 'NumberOfDependents_replaced_trim'],
      dtype='str')
2026-03-09 15:56:58,171 - INFO - Before Test COlumns : (30000, 11) 
 : Index(['NPA Status_trim', 'RevolvingUtilizationOfUnsecuredLines_trim',
       'age_trim', 'NumberOfTime30-59DaysPastDueNotWorse_trim',
       'DebtRatio_trim', 'NumberOfOpenCreditLinesAndLoans_trim',
       'NumberOfTimes90DaysLate_trim', 'NumberRealEstateLoansOrLines_trim',
       'NumberOfTime60-89DaysPastDueNotWorse_trim',
       'MonthlyIncome_replaced_trim', 'NumberOfDependents_replaced_trim'],
      dtype='str')
2026-03-09 15:56:58,196 - INFO - Number of Good Columns : 7 : Index(['RevolvingUtilizationOfUnsecuredLines_trim', 'age_trim',
       'DebtRatio_trim', 'NumberOfOpenCreditLinesAndLoans_trim',
       'NumberRealEstateLoansOrLines_trim', 'MonthlyIncome_replaced_trim',
       'NumberOfDependents_replaced_trim'],
      dtype='str')
2026-03-09 15:56:58,197 - INFO - Number of Bad Columns : 4 : Index(['NPA Status_trim', 'NumberOfTime30-59DaysPastDueNotWorse_trim',
       'NumberOfTimes90DaysLate_trim',
       'NumberOfTime60-89DaysPastDueNotWorse_trim'],
      dtype='str')
2026-03-09 15:56:58,198 - INFO - After Train COlumns : (120000, 7) 
 : Index(['RevolvingUtilizationOfUnsecuredLines_trim', 'age_trim',
       'DebtRatio_trim', 'NumberOfOpenCreditLinesAndLoans_trim',
       'NumberRealEstateLoansOrLines_trim', 'MonthlyIncome_replaced_trim',
       'NumberOfDependents_replaced_trim'],
      dtype='str')
2026-03-09 15:56:58,198 - INFO - After Test COlumns : (30000, 7) 
 : Index(['RevolvingUtilizationOfUnsecuredLines_trim', 'age_trim',
       'DebtRatio_trim', 'NumberOfOpenCreditLinesAndLoans_trim',
       'NumberRealEstateLoansOrLines_trim', 'MonthlyIncome_replaced_trim',
       'NumberOfDependents_replaced_trim'],
      dtype='str')
2026-03-09 15:56:58,198 - INFO - ====================Hypothesis Testing=================================
2026-03-09 15:56:58,242 - INFO - After Train COlumns : (120000, 6) 
 : Index(['RevolvingUtilizationOfUnsecuredLines_trim', 'age_trim',
       'NumberOfOpenCreditLinesAndLoans_trim',
       'NumberRealEstateLoansOrLines_trim', 'MonthlyIncome_replaced_trim',
       'NumberOfDependents_replaced_trim'],
      dtype='str')
2026-03-09 15:56:58,242 - INFO - After Test COlumns : (30000, 6) 
 : Index(['RevolvingUtilizationOfUnsecuredLines_trim', 'age_trim',
       'NumberOfOpenCreditLinesAndLoans_trim',
       'NumberRealEstateLoansOrLines_trim', 'MonthlyIncome_replaced_trim',
       'NumberOfDependents_replaced_trim'],
      dtype='str')
