2026-03-09 15:56:54,838 - INFO - Total data_size : (150002, 18)
2026-03-09 15:56:54,932 - INFO - Null values : 
 : NPA Status                                  0
RevolvingUtilizationOfUnsecuredLines        0
age                                         0
Gender                                      0
Region                                      0
MonthlyIncome                           29731
Rented_OwnHouse                             0
Occupation                                  0
Education                                   0
NumberOfTime30-59DaysPastDueNotWorse        0
DebtRatio                                   0
NumberOfOpenCreditLinesAndLoans             0
NumberOfTimes90DaysLate                     0
NumberRealEstateLoansOrLines                0
NumberOfTime60-89DaysPastDueNotWorse        0
NumberOfDependents                       3924
Good_Bad                                    0
dtype: int64
2026-03-09 15:56:55,008 - INFO - Train Data Size : 120000 : 120000 
: total train data : (120000, 16)
2026-03-09 15:56:55,008 - INFO - Test Data Size : 30000 : 30000 
: total test data : (30000, 16)
2026-03-09 15:56:55,055 - INFO - Before Handling NUll values X_train Column names and shape : (120000, 16) 
 : Index(['NPA Status', 'RevolvingUtilizationOfUnsecuredLines', 'age', 'Gender',
       'Region', 'MonthlyIncome', 'Rented_OwnHouse', 'Occupation', 'Education',
       'NumberOfTime30-59DaysPastDueNotWorse', 'DebtRatio',
       'NumberOfOpenCreditLinesAndLoans', 'NumberOfTimes90DaysLate',
       'NumberRealEstateLoansOrLines', 'NumberOfTime60-89DaysPastDueNotWorse',
       'NumberOfDependents'],
      dtype='str') : NPA Status                                  0
RevolvingUtilizationOfUnsecuredLines        0
age                                         0
Gender                                      0
Region                                      0
MonthlyIncome                           23767
Rented_OwnHouse                             0
Occupation                                  0
Education                                   0
NumberOfTime30-59DaysPastDueNotWorse        0
DebtRatio                                   0
NumberOfOpenCreditLinesAndLoans             0
NumberOfTimes90DaysLate                     0
NumberRealEstateLoansOrLines                0
NumberOfTime60-89DaysPastDueNotWorse        0
NumberOfDependents                       3165
dtype: int64
2026-03-09 15:56:55,067 - INFO - Before Handling NUll values X_test Column names and shape : (30000, 16) 
 : Index(['NPA Status', 'RevolvingUtilizationOfUnsecuredLines', 'age', 'Gender',
       'Region', 'MonthlyIncome', 'Rented_OwnHouse', 'Occupation', 'Education',
       'NumberOfTime30-59DaysPastDueNotWorse', 'DebtRatio',
       'NumberOfOpenCreditLinesAndLoans', 'NumberOfTimes90DaysLate',
       'NumberRealEstateLoansOrLines', 'NumberOfTime60-89DaysPastDueNotWorse',
       'NumberOfDependents'],
      dtype='str') : NPA Status                                 0
RevolvingUtilizationOfUnsecuredLines       0
age                                        0
Gender                                     0
Region                                     0
MonthlyIncome                           5964
Rented_OwnHouse                            0
Occupation                                 0
Education                                  0
NumberOfTime30-59DaysPastDueNotWorse       0
DebtRatio                                  0
NumberOfOpenCreditLinesAndLoans            0
NumberOfTimes90DaysLate                    0
NumberRealEstateLoansOrLines               0
NumberOfTime60-89DaysPastDueNotWorse       0
NumberOfDependents                       759
dtype: int64
2026-03-09 15:56:55,338 - INFO - After Handling NUll values X_train Column names and shape : (120000, 16) 
 : Index(['NPA Status', 'RevolvingUtilizationOfUnsecuredLines', 'age', 'Gender',
       'Region', 'Rented_OwnHouse', 'Occupation', 'Education',
       'NumberOfTime30-59DaysPastDueNotWorse', 'DebtRatio',
       'NumberOfOpenCreditLinesAndLoans', 'NumberOfTimes90DaysLate',
       'NumberRealEstateLoansOrLines', 'NumberOfTime60-89DaysPastDueNotWorse',
       'MonthlyIncome_replaced', 'NumberOfDependents_replaced'],
      dtype='str') : NPA Status                              0
RevolvingUtilizationOfUnsecuredLines    0
age                                     0
Gender                                  0
Region                                  0
Rented_OwnHouse                         0
Occupation                              0
Education                               0
NumberOfTime30-59DaysPastDueNotWorse    0
DebtRatio                               0
NumberOfOpenCreditLinesAndLoans         0
NumberOfTimes90DaysLate                 0
NumberRealEstateLoansOrLines            0
NumberOfTime60-89DaysPastDueNotWorse    0
MonthlyIncome_replaced                  0
NumberOfDependents_replaced             0
dtype: int64
2026-03-09 15:56:55,350 - INFO - After Handling NUll values X_test Column names and shape : (30000, 16) 
 : Index(['NPA Status', 'RevolvingUtilizationOfUnsecuredLines', 'age', 'Gender',
       'Region', 'Rented_OwnHouse', 'Occupation', 'Education',
       'NumberOfTime30-59DaysPastDueNotWorse', 'DebtRatio',
       'NumberOfOpenCreditLinesAndLoans', 'NumberOfTimes90DaysLate',
       'NumberRealEstateLoansOrLines', 'NumberOfTime60-89DaysPastDueNotWorse',
       'MonthlyIncome_replaced', 'NumberOfDependents_replaced'],
      dtype='str') : NPA Status                              0
RevolvingUtilizationOfUnsecuredLines    0
age                                     0
Gender                                  0
Region                                  0
Rented_OwnHouse                         0
Occupation                              0
Education                               0
NumberOfTime30-59DaysPastDueNotWorse    0
DebtRatio                               0
NumberOfOpenCreditLinesAndLoans         0
NumberOfTimes90DaysLate                 0
NumberRealEstateLoansOrLines            0
NumberOfTime60-89DaysPastDueNotWorse    0
MonthlyIncome_replaced                  0
NumberOfDependents_replaced             0
dtype: int64
2026-03-09 15:56:55,353 - INFO - Index(['NPA Status', 'RevolvingUtilizationOfUnsecuredLines', 'age',
       'NumberOfTime30-59DaysPastDueNotWorse', 'DebtRatio',
       'NumberOfOpenCreditLinesAndLoans', 'NumberOfTimes90DaysLate',
       'NumberRealEstateLoansOrLines', 'NumberOfTime60-89DaysPastDueNotWorse',
       'MonthlyIncome_replaced', 'NumberOfDependents_replaced'],
      dtype='str') : (120000, 11)
2026-03-09 15:56:55,353 - INFO - Index(['NPA Status', 'RevolvingUtilizationOfUnsecuredLines', 'age',
       'NumberOfTime30-59DaysPastDueNotWorse', 'DebtRatio',
       'NumberOfOpenCreditLinesAndLoans', 'NumberOfTimes90DaysLate',
       'NumberRealEstateLoansOrLines', 'NumberOfTime60-89DaysPastDueNotWorse',
       'MonthlyIncome_replaced', 'NumberOfDependents_replaced'],
      dtype='str') : (30000, 11)
2026-03-09 15:56:55,353 - INFO - ==============================================================================
2026-03-09 15:56:55,354 - INFO - Index(['Gender', 'Region', 'Rented_OwnHouse', 'Occupation', 'Education'], dtype='str') : (120000, 5)
2026-03-09 15:56:55,354 - INFO - Index(['Gender', 'Region', 'Rented_OwnHouse', 'Occupation', 'Education'], dtype='str') : (30000, 5)
2026-03-09 15:56:55,354 - INFO - Before Train Column Name : Index(['NPA Status', 'RevolvingUtilizationOfUnsecuredLines', 'age',
       'NumberOfTime30-59DaysPastDueNotWorse', 'DebtRatio',
       'NumberOfOpenCreditLinesAndLoans', 'NumberOfTimes90DaysLate',
       'NumberRealEstateLoansOrLines', 'NumberOfTime60-89DaysPastDueNotWorse',
       'MonthlyIncome_replaced', 'NumberOfDependents_replaced'],
      dtype='str')
2026-03-09 15:56:55,355 - INFO - Before Test Column Name : Index(['NPA Status', 'RevolvingUtilizationOfUnsecuredLines', 'age',
       'NumberOfTime30-59DaysPastDueNotWorse', 'DebtRatio',
       'NumberOfOpenCreditLinesAndLoans', 'NumberOfTimes90DaysLate',
       'NumberRealEstateLoansOrLines', 'NumberOfTime60-89DaysPastDueNotWorse',
       'MonthlyIncome_replaced', 'NumberOfDependents_replaced'],
      dtype='str')
2026-03-09 15:56:58,170 - INFO - After Train Column Name : Index(['NPA Status_trim', 'RevolvingUtilizationOfUnsecuredLines_trim',
       'age_trim', 'NumberOfTime30-59DaysPastDueNotWorse_trim',
       'DebtRatio_trim', 'NumberOfOpenCreditLinesAndLoans_trim',
       'NumberOfTimes90DaysLate_trim', 'NumberRealEstateLoansOrLines_trim',
       'NumberOfTime60-89DaysPastDueNotWorse_trim',
       'MonthlyIncome_replaced_trim', 'NumberOfDependents_replaced_trim'],
      dtype='str')
2026-03-09 15:56:58,171 - INFO - After Test Column Name : Index(['NPA Status_trim', 'RevolvingUtilizationOfUnsecuredLines_trim',
       'age_trim', 'NumberOfTime30-59DaysPastDueNotWorse_trim',
       'DebtRatio_trim', 'NumberOfOpenCreditLinesAndLoans_trim',
       'NumberOfTimes90DaysLate_trim', 'NumberRealEstateLoansOrLines_trim',
       'NumberOfTime60-89DaysPastDueNotWorse_trim',
       'MonthlyIncome_replaced_trim', 'NumberOfDependents_replaced_trim'],
      dtype='str')
2026-03-09 15:56:58,607 - INFO - ===========================================================
2026-03-09 15:56:58,607 - INFO - Final Trainining data : (120000, 14)
2026-03-09 15:56:58,607 - INFO - Index(['RevolvingUtilizationOfUnsecuredLines_trim', 'age_trim',
       'NumberOfOpenCreditLinesAndLoans_trim',
       'NumberRealEstateLoansOrLines_trim', 'MonthlyIncome_replaced_trim',
       'NumberOfDependents_replaced_trim', 'Gender_Male', 'Region_East',
       'Region_North', 'Region_South', 'Region_West', 'Rented_OwnHouse_od',
       'Occupation_od', 'Education_od'],
      dtype='str')
2026-03-09 15:56:58,613 - INFO - RevolvingUtilizationOfUnsecuredLines_trim    0
age_trim                                     0
NumberOfOpenCreditLinesAndLoans_trim         0
NumberRealEstateLoansOrLines_trim            0
MonthlyIncome_replaced_trim                  0
NumberOfDependents_replaced_trim             0
Gender_Male                                  0
Region_East                                  0
Region_North                                 0
Region_South                                 0
Region_West                                  0
Rented_OwnHouse_od                           0
Occupation_od                                0
Education_od                                 0
dtype: int64
2026-03-09 15:56:58,613 - INFO - Final Testing data : (30000, 14)
2026-03-09 15:56:58,613 - INFO - Index(['RevolvingUtilizationOfUnsecuredLines_trim', 'age_trim',
       'NumberOfOpenCreditLinesAndLoans_trim',
       'NumberRealEstateLoansOrLines_trim', 'MonthlyIncome_replaced_trim',
       'NumberOfDependents_replaced_trim', 'Gender_Male', 'Region_East',
       'Region_North', 'Region_South', 'Region_West', 'Rented_OwnHouse_od',
       'Occupation_od', 'Education_od'],
      dtype='str')
2026-03-09 15:56:58,616 - INFO - RevolvingUtilizationOfUnsecuredLines_trim    0
age_trim                                     0
NumberOfOpenCreditLinesAndLoans_trim         0
NumberRealEstateLoansOrLines_trim            0
MonthlyIncome_replaced_trim                  0
NumberOfDependents_replaced_trim             0
Gender_Male                                  0
Region_East                                  0
Region_North                                 0
Region_South                                 0
Region_West                                  0
Rented_OwnHouse_od                           0
Occupation_od                                0
Education_od                                 0
dtype: int64
2026-03-09 15:56:58,628 - INFO - Number of Rows for Good Customer 1 : 111930
2026-03-09 15:56:58,640 - INFO - Number of Rows for Bad Customer 0 : 8070
2026-03-09 15:56:58,640 - INFO - Training data size : (120000, 14)
2026-03-09 15:56:59,116 - INFO - Number of Rows for Good Customer 1 : 111930
2026-03-09 15:56:59,140 - INFO - Number of Rows for Bad Customer 0 : 111930
2026-03-09 15:56:59,140 - INFO - Training data size : (223860, 14)
