2026-03-09 15:56:55,155 - INFO - Before Handling NUll values X_train Column names and shape : (120000, 16) 
 : Index(['NPA Status', 'RevolvingUtilizationOfUnsecuredLines', 'age', 'Gender',
       'Region', 'MonthlyIncome', 'Rented_OwnHouse', 'Occupation', 'Education',
       'NumberOfTime30-59DaysPastDueNotWorse', 'DebtRatio',
       'NumberOfOpenCreditLinesAndLoans', 'NumberOfTimes90DaysLate',
       'NumberRealEstateLoansOrLines', 'NumberOfTime60-89DaysPastDueNotWorse',
       'NumberOfDependents'],
      dtype='str') : NPA Status                                  0
RevolvingUtilizationOfUnsecuredLines        0
age                                         0
Gender                                      0
Region                                      0
MonthlyIncome                           23767
Rented_OwnHouse                             0
Occupation                                  0
Education                                   0
NumberOfTime30-59DaysPastDueNotWorse        0
DebtRatio                                   0
NumberOfOpenCreditLinesAndLoans             0
NumberOfTimes90DaysLate                     0
NumberRealEstateLoansOrLines                0
NumberOfTime60-89DaysPastDueNotWorse        0
NumberOfDependents                       3165
dtype: int64
2026-03-09 15:56:55,165 - INFO - Before Handling NUll values X_test Column names and shape : (30000, 16) 
 : Index(['NPA Status', 'RevolvingUtilizationOfUnsecuredLines', 'age', 'Gender',
       'Region', 'MonthlyIncome', 'Rented_OwnHouse', 'Occupation', 'Education',
       'NumberOfTime30-59DaysPastDueNotWorse', 'DebtRatio',
       'NumberOfOpenCreditLinesAndLoans', 'NumberOfTimes90DaysLate',
       'NumberRealEstateLoansOrLines', 'NumberOfTime60-89DaysPastDueNotWorse',
       'NumberOfDependents'],
      dtype='str') : NPA Status                                 0
RevolvingUtilizationOfUnsecuredLines       0
age                                        0
Gender                                     0
Region                                     0
MonthlyIncome                           5964
Rented_OwnHouse                            0
Occupation                                 0
Education                                  0
NumberOfTime30-59DaysPastDueNotWorse       0
DebtRatio                                  0
NumberOfOpenCreditLinesAndLoans            0
NumberOfTimes90DaysLate                    0
NumberRealEstateLoansOrLines               0
NumberOfTime60-89DaysPastDueNotWorse       0
NumberOfDependents                       759
dtype: int64
2026-03-09 15:56:55,288 - INFO - After Handling NUll values X_train Column names and shape : (120000, 16) 
 : Index(['NPA Status', 'RevolvingUtilizationOfUnsecuredLines', 'age', 'Gender',
       'Region', 'Rented_OwnHouse', 'Occupation', 'Education',
       'NumberOfTime30-59DaysPastDueNotWorse', 'DebtRatio',
       'NumberOfOpenCreditLinesAndLoans', 'NumberOfTimes90DaysLate',
       'NumberRealEstateLoansOrLines', 'NumberOfTime60-89DaysPastDueNotWorse',
       'MonthlyIncome_replaced', 'NumberOfDependents_replaced'],
      dtype='str') : NPA Status                              0
RevolvingUtilizationOfUnsecuredLines    0
age                                     0
Gender                                  0
Region                                  0
Rented_OwnHouse                         0
Occupation                              0
Education                               0
NumberOfTime30-59DaysPastDueNotWorse    0
DebtRatio                               0
NumberOfOpenCreditLinesAndLoans         0
NumberOfTimes90DaysLate                 0
NumberRealEstateLoansOrLines            0
NumberOfTime60-89DaysPastDueNotWorse    0
MonthlyIncome_replaced                  0
NumberOfDependents_replaced             0
dtype: int64
2026-03-09 15:56:55,302 - INFO - After Handling NUll values X_test Column names and shape : (30000, 16) 
 : Index(['NPA Status', 'RevolvingUtilizationOfUnsecuredLines', 'age', 'Gender',
       'Region', 'Rented_OwnHouse', 'Occupation', 'Education',
       'NumberOfTime30-59DaysPastDueNotWorse', 'DebtRatio',
       'NumberOfOpenCreditLinesAndLoans', 'NumberOfTimes90DaysLate',
       'NumberRealEstateLoansOrLines', 'NumberOfTime60-89DaysPastDueNotWorse',
       'MonthlyIncome_replaced', 'NumberOfDependents_replaced'],
      dtype='str') : NPA Status                              0
RevolvingUtilizationOfUnsecuredLines    0
age                                     0
Gender                                  0
Region                                  0
Rented_OwnHouse                         0
Occupation                              0
Education                               0
NumberOfTime30-59DaysPastDueNotWorse    0
DebtRatio                               0
NumberOfOpenCreditLinesAndLoans         0
NumberOfTimes90DaysLate                 0
NumberRealEstateLoansOrLines            0
NumberOfTime60-89DaysPastDueNotWorse    0
MonthlyIncome_replaced                  0
NumberOfDependents_replaced             0
dtype: int64
